2016-09-23T02:19:57.386Z - normal: Load ~/.CocosCreator/settings.json
2016-09-23T02:19:57.392Z - normal: checking language setting...
2016-09-23T02:19:57.392Z - normal: Language: zh
2016-09-23T02:19:58.487Z - success: protocol editor-framework registered
2016-09-23T02:19:58.487Z - success: protocol app registered
2016-09-23T02:19:58.487Z - success: protocol packages registered
2016-09-23T02:19:58.487Z - success: protocol theme registered
2016-09-23T02:19:58.487Z - success: protocol unpack registerred
2016-09-23T02:19:58.731Z - normal: connected!
2016-09-23T02:19:58.734Z - normal: Check project C:\Users\guangjixinxi-html\Desktop\FlappyBird01
2016-09-23T02:19:58.739Z - normal: Initializing Cocos Creator Editor
2016-09-23T02:19:59.713Z - normal: Initializing Cocos2d
2016-09-23T02:19:59.853Z - normal: Initializing Asset Database
2016-09-23T02:19:59.909Z - success: protocol uuid registerred
2016-09-23T02:19:59.910Z - success: protocol db registerred
2016-09-23T02:19:59.910Z - success: protocol thumbnail registerred
2016-09-23T02:19:59.910Z - normal: Loading editor/builtin packages
2016-09-23T02:20:00.040Z - success: assets loaded
2016-09-23T02:20:00.044Z - success: builder loaded
2016-09-23T02:20:00.047Z - success: hierarchy loaded
2016-09-23T02:20:00.050Z - success: inspector loaded
2016-09-23T02:20:00.051Z - success: keystore loaded
2016-09-23T02:20:00.053Z - success: node-library loaded
2016-09-23T02:20:00.055Z - success: preferences loaded
2016-09-23T02:20:00.067Z - success: project-importer loaded
2016-09-23T02:20:00.069Z - success: project-settings loaded
2016-09-23T02:20:00.071Z - success: ui-kit loaded
2016-09-23T02:20:00.085Z - success: ui-grid loaded
2016-09-23T02:20:00.089Z - success: scene loaded
2016-09-23T02:20:00.090Z - success: sprite-editor loaded
2016-09-23T02:20:00.119Z - success: timeline loaded
2016-09-23T02:20:00.120Z - normal: Loading builtin packages
2016-09-23T02:20:00.122Z - success: asset-db-debugger loaded
2016-09-23T02:20:00.123Z - success: cocos-package loaded
2016-09-23T02:20:00.124Z - success: code-editor loaded
2016-09-23T02:20:00.124Z - success: color-picker loaded
2016-09-23T02:20:00.127Z - success: console loaded
2016-09-23T02:20:00.129Z - success: package-manager loaded
2016-09-23T02:20:00.132Z - success: tester loaded
2016-09-23T02:20:00.135Z - success: ui-kit-preview-extra loaded
2016-09-23T02:20:00.137Z - success: ui-kit-preview loaded
2016-09-23T02:20:00.139Z - success: ui-tree loaded
2016-09-23T02:20:00.165Z - normal: Initializing project C:\Users\guangjixinxi-html\Desktop\FlappyBird01
2016-09-23T02:20:00.200Z - normal: Loading packages
2016-09-23T02:20:00.205Z - normal: Run Application
2016-09-23T02:20:01.917Z - success: preview server running at http://localhost:7459
2016-09-23T02:20:11.957Z - normal: 1.2.1-rc.1
